<?xml version="1.0" encoding="UTF-8"?>
<!-- Generated by org.testng.reporters.JUnitReportReporter -->
<testsuite skipped="0" hostname="A948LBLR" name="baseTest.Sample" tests="1" failures="0" timestamp="2020-11-11T23:55:50 IST" time="0.015" errors="0">
  <testcase name="test1" time="0.015" classname="baseTest.Sample"/>
  <system-out/>
</testsuite> <!-- baseTest.Sample -->
