<?xml version="1.0" encoding="UTF-8"?>
<!-- Generated by org.testng.reporters.JUnitReportReporter -->
<testsuite skipped="0" hostname="A948LBLR" name="uiScripts.APIScript" tests="1" failures="0" timestamp="2020-11-15T12:19:49 IST" time="0.016" errors="0">
  <testcase name="getAPI" time="0.016" classname="uiScripts.APIScript"/>
  <system-out/>
</testsuite> <!-- uiScripts.APIScript -->
