<?xml version="1.0" encoding="UTF-8"?>
<!-- Generated by org.testng.reporters.JUnitReportReporter -->
<testsuite skipped="0" hostname="A948LBLR" name="uiScripts.TestScripts" tests="1" failures="0" timestamp="2020-11-17T23:16:19 IST" time="10.302" errors="0">
  <testcase name="firstTestCase" time="10.302" classname="uiScripts.TestScripts"/>
  <system-out/>
</testsuite> <!-- uiScripts.TestScripts -->
