<?xml version="1.0" encoding="UTF-8"?>
<!-- Generated by org.testng.reporters.JUnitReportReporter -->
<testsuite skipped="0" hostname="A948LBLR" name="TestScripts" tests="1" failures="0" timestamp="2020-11-17T21:02:51 IST" time="24.278" errors="0">
  <testcase name="secondTestCase" time="24.278" classname="TestScripts"/>
  <system-out/>
</testsuite> <!-- TestScripts -->
